<?xml version="1.0" encoding="UTF-8"?>
<!-- Generated by org.testng.reporters.JUnitXMLReporter -->
<testsuite ignored="0" hostname="DESKTOP-UBASVQK" failures="1" tests="1" name="Test(failed)" time="29.792" errors="0" timestamp="2022-02-25T12:38:25 IST">
  <testcase classname="Regression.Home" name="Verify_the_message" time="28.538">
    <failure type="java.lang.AssertionError" message="expected [true] but found [false]">
      <![CDATA[java.lang.AssertionError: expected [true] but found [false]
at ReusableFunctions.Funtions.fnmovethemouseon(Funtions.java:133)
at Regression.Home.Verify_the_message(Home.java:24)
at java.base/java.util.ArrayList.forEach(ArrayList.java:1511)
... Removed 31 stack frames]]>
    </failure>
  </testcase> <!-- Verify_the_message -->
</testsuite> <!-- Test(failed) -->
